<?xml version="1.0" encoding="UTF-8"?>
<?xml-stylesheet type="text/xsl" href="ivy-report.xsl"?>
<ivy-report version="1.0">
	<info
		organisation="test-1"
		module="test-1_2.9.1"
		revision="1.0"
		conf="optional"
		confs="compile, runtime, test, provided, optional, compile-internal, runtime-internal, test-internal, plugin, sources, docs, pom, scala-tool"
		date="20170915130018"/>
	<dependencies>
	</dependencies>
</ivy-report>
