<?xml version="1.0" encoding="UTF-8"?>
<?xml-stylesheet type="text/xsl" href="ivy-report.xsl"?>
<ivy-report version="1.0">
	<info
		organisation="test-1"
		module="test-1$sources_2.9.1"
		revision="1.0"
		conf="test-internal"
		confs="compile, runtime, test, provided, optional, compile-internal, runtime-internal, test-internal, plugin, sources, docs, pom, scala-tool"
		date="20170915130020"/>
	<dependencies>
		<module organisation="junit" name="junit">
			<revision name="4.12" status="release" pubdate="20141204101743" resolver="sbt-chain" artresolver="sbt-chain" homepage="http://junit.org" downloaded="false" searched="false" default="false" conf="default, compile, runtime, default(compile), master" position="1">
				<license name="Eclipse Public License 1.0" url="http://www.eclipse.org/legal/epl-v10.html"/>
				<metadata-artifact status="no" details="" size="3317" time="0" location="/Users/reenamaryputhota/.ivy2/cache/junit/junit/ivy-4.12.xml" searched="false" origin-is-local="false" origin-location="https://repo1.maven.org/maven2/junit/junit/4.12/junit-4.12.pom"/>
				<caller organisation="test-1" name="test-1$sources_2.9.1" conf="test, compile, provided, test-internal, runtime, optional" rev="4.12" rev-constraint-default="4.12" rev-constraint-dynamic="4.12" callerrev="1.0"/>
				<artifacts>
					<artifact name="junit" type="src" ext="jar" extra-classifier="sources" status="successful" details="" size="200355" time="100" location="/Users/reenamaryputhota/.ivy2/cache/junit/junit/srcs/junit-4.12-sources.jar">
						<origin-location is-local="false" location="https://repo1.maven.org/maven2/junit/junit/4.12/junit-4.12-sources.jar"/>
					</artifact>
				</artifacts>
			</revision>
		</module>
		<module organisation="org.hamcrest" name="hamcrest-core">
			<revision name="1.3" status="release" pubdate="20120709160802" resolver="sbt-chain" artresolver="sbt-chain" homepage="" downloaded="false" searched="false" default="false" conf="compile, runtime(*), master(compile), runtime, compile(*), master" position="2">
				<license name="New BSD License" url="http://www.opensource.org/licenses/bsd-license.php"/>
				<metadata-artifact status="no" details="" size="2617" time="0" location="/Users/reenamaryputhota/.ivy2/cache/org.hamcrest/hamcrest-core/ivy-1.3.xml" searched="false" origin-is-local="false" origin-location="https://repo1.maven.org/maven2/org/hamcrest/hamcrest-core/1.3/hamcrest-core-1.3.pom"/>
				<caller organisation="test-1" name="test-1$sources_2.9.1" conf="test, compile, provided, test-internal, runtime, optional" rev="1.3" rev-constraint-default="1.3" rev-constraint-dynamic="1.3" callerrev="1.0"/>
				<artifacts>
					<artifact name="hamcrest-core" type="src" ext="jar" extra-classifier="sources" status="successful" details="" size="32624" time="89" location="/Users/reenamaryputhota/.ivy2/cache/org.hamcrest/hamcrest-core/srcs/hamcrest-core-1.3-sources.jar">
						<origin-location is-local="false" location="https://repo1.maven.org/maven2/org/hamcrest/hamcrest-core/1.3/hamcrest-core-1.3-sources.jar"/>
					</artifact>
				</artifacts>
			</revision>
		</module>
		<module organisation="org.scala-lang" name="scala-library">
			<revision name="2.9.1" status="release" pubdate="20110831033953" resolver="sbt-chain" artresolver="sbt-chain" homepage="http://www.scala-lang.org/" downloaded="false" searched="false" default="false" conf="default, compile, runtime, default(compile), master" position="0">
				<license name="BSD-like" url="http://www.scala-lang.org/downloads/license.html          "/>
				<metadata-artifact status="no" details="" size="2448" time="0" location="/Users/reenamaryputhota/.ivy2/cache/org.scala-lang/scala-library/ivy-2.9.1.xml" searched="false" origin-is-local="false" origin-location="https://repo1.maven.org/maven2/org/scala-lang/scala-library/2.9.1/scala-library-2.9.1.pom"/>
				<caller organisation="test-1" name="test-1$sources_2.9.1" conf="test, compile, provided, test-internal, runtime, optional" rev="2.9.1" rev-constraint-default="2.9.1" rev-constraint-dynamic="2.9.1" callerrev="1.0"/>
				<artifacts>
					<artifact name="scala-library" type="src" ext="jar" extra-classifier="sources" status="no" details="" size="1131083" time="0" location="/Users/reenamaryputhota/.ivy2/cache/org.scala-lang/scala-library/srcs/scala-library-2.9.1-sources.jar">
						<origin-location is-local="false" location="https://repo1.maven.org/maven2/org/scala-lang/scala-library/2.9.1/scala-library-2.9.1-sources.jar"/>
					</artifact>
				</artifacts>
			</revision>
		</module>
	</dependencies>
</ivy-report>
