<?xml version="1.0" encoding="UTF-8"?>
<testsuite name="in.naishe.algo.search.SearchForAiITest" tests="2" skipped="0" failures="0" errors="0" timestamp="2017-10-06T02:03:41" hostname="10-4-210-92.vlan869.client.wireless.uic.edu" time="0.002">
  <properties/>
  <testcase name="searchForAiI" classname="in.naishe.algo.search.SearchForAiITest" time="0.0"/>
  <testcase name="main" classname="in.naishe.algo.search.SearchForAiITest" time="0.002"/>
  <system-out><![CDATA[[0, 1, 2, 3, 4, 23, 53, 55, 63, 90]
[4, 1, 0, 2, 3]
]]></system-out>
  <system-err><![CDATA[]]></system-err>
</testsuite>
