<?xml version="1.0" encoding="UTF-8"?>
<testsuite name="in.naishe.algo.sort.CountingSortTest" tests="1" skipped="0" failures="0" errors="0" timestamp="2017-10-06T02:03:41" hostname="10-4-210-92.vlan869.client.wireless.uic.edu" time="0.004">
  <properties/>
  <testcase name="main" classname="in.naishe.algo.sort.CountingSortTest" time="0.004"/>
  <system-out><![CDATA[]]></system-out>
  <system-err><![CDATA[]]></system-err>
</testsuite>
